2022-12-18 17:44:35 error: [POST] /login >> StatusCode:: 409, Message:: This email admin@maynaps.com was not found
2022-12-18 17:44:47 error: [POST] /login >> StatusCode:: 409, Message:: Password is not matching
2022-12-18 18:31:07 error: uncaughtException: тип Unable to compile TypeScript:
[96msrc/routes/product.route.ts[0m:[93m8[0m:[93m1[0m - [91merror[0m[90m TS1109: [0mExpression expected.

[7m8[0m }
[7m [0m [91m~[0m

TSError: тип Unable to compile TypeScript:
[96msrc/routes/product.route.ts[0m:[93m8[0m:[93m1[0m - [91merror[0m[90m TS1109: [0mExpression expected.

[7m8[0m }
[7m [0m [91m~[0m

    at createTSError (/Users/mcan/me/next-ecoomerce/server/node_modules/ts-node/src/index.ts:859:12)
    at reportTSError (/Users/mcan/me/next-ecoomerce/server/node_modules/ts-node/src/index.ts:863:19)
    at /Users/mcan/me/next-ecoomerce/server/node_modules/ts-node/src/index.ts:1379:34
    at Object.compile (/Users/mcan/me/next-ecoomerce/server/node_modules/ts-node/src/index.ts:1458:13)
    at Module.m._compile (/Users/mcan/me/next-ecoomerce/server/node_modules/ts-node/src/index.ts:1617:30)
    at Module._extensions..js (node:internal/modules/cjs/loader:1153:10)
    at Object.require.extensions.<computed> [as .ts] (/Users/mcan/me/next-ecoomerce/server/node_modules/ts-node/src/index.ts:1621:12)
    at Module.load (node:internal/modules/cjs/loader:981:32)
    at Function.Module._load (node:internal/modules/cjs/loader:822:12)
    at Module.require (node:internal/modules/cjs/loader:1005:19)
2022-12-18 18:31:35 error: uncaughtException: ProductController is not defined
ReferenceError: ProductController is not defined
    at Object.<anonymous> (/Users/mcan/me/next-ecoomerce/server/src/controllers/product.controller.ts:20:16)
    at Module._compile (node:internal/modules/cjs/loader:1101:14)
    at Module.m._compile (/Users/mcan/me/next-ecoomerce/server/node_modules/ts-node/src/index.ts:1618:23)
    at Module._extensions..js (node:internal/modules/cjs/loader:1153:10)
    at Object.require.extensions.<computed> [as .ts] (/Users/mcan/me/next-ecoomerce/server/node_modules/ts-node/src/index.ts:1621:12)
    at Module.load (node:internal/modules/cjs/loader:981:32)
    at Function.Module._load (node:internal/modules/cjs/loader:822:12)
    at Module.require (node:internal/modules/cjs/loader:1005:19)
    at require (node:internal/modules/cjs/helpers:102:18)
    at Object.<anonymous> (/Users/mcan/me/next-ecoomerce/server/src/routes/product.route.ts:1:1)
2022-12-18 18:32:55 error: uncaughtException: ProductRoute is not defined
ReferenceError: ProductRoute is not defined
    at Object.<anonymous> (/Users/mcan/me/next-ecoomerce/server/src/routes/products.route.ts:12:16)
    at Module._compile (node:internal/modules/cjs/loader:1101:14)
    at Module.m._compile (/Users/mcan/me/next-ecoomerce/server/node_modules/ts-node/src/index.ts:1618:23)
    at Module._extensions..js (node:internal/modules/cjs/loader:1153:10)
    at Object.require.extensions.<computed> [as .ts] (/Users/mcan/me/next-ecoomerce/server/node_modules/ts-node/src/index.ts:1621:12)
    at Module.load (node:internal/modules/cjs/loader:981:32)
    at Function.Module._load (node:internal/modules/cjs/loader:822:12)
    at Module.require (node:internal/modules/cjs/loader:1005:19)
    at require (node:internal/modules/cjs/helpers:102:18)
    at Object.<anonymous> (/Users/mcan/me/next-ecoomerce/server/src/server.ts:6:1)
2022-12-18 18:33:49 error: uncaughtException: Cannot read properties of undefined (reading 'getUsers')
TypeError: Cannot read properties of undefined (reading 'getUsers')
    at ProductsRoute.initializeRoutes (/Users/mcan/me/next-ecoomerce/server/src/routes/products.route.ts:15:58)
    at new ProductsRoute (/Users/mcan/me/next-ecoomerce/server/src/routes/products.route.ts:11:10)
    at Object.<anonymous> (/Users/mcan/me/next-ecoomerce/server/src/server.ts:10:75)
    at Module._compile (node:internal/modules/cjs/loader:1101:14)
    at Module.m._compile (/Users/mcan/me/next-ecoomerce/server/node_modules/ts-node/src/index.ts:1618:23)
    at Module._extensions..js (node:internal/modules/cjs/loader:1153:10)
    at Object.require.extensions.<computed> [as .ts] (/Users/mcan/me/next-ecoomerce/server/node_modules/ts-node/src/index.ts:1621:12)
    at Module.load (node:internal/modules/cjs/loader:981:32)
    at Function.Module._load (node:internal/modules/cjs/loader:822:12)
    at Function.executeUserEntryPoint [as runMain] (node:internal/modules/run_main:81:12)
2022-12-18 18:33:59 error: uncaughtException: validationMiddleware is not defined
ReferenceError: validationMiddleware is not defined
    at ProductsRoute.initializeRoutes (/Users/mcan/me/next-ecoomerce/server/src/routes/products.route.ts:16:30)
    at new ProductsRoute (/Users/mcan/me/next-ecoomerce/server/src/routes/products.route.ts:11:10)
    at Object.<anonymous> (/Users/mcan/me/next-ecoomerce/server/src/server.ts:10:75)
    at Module._compile (node:internal/modules/cjs/loader:1101:14)
    at Module.m._compile (/Users/mcan/me/next-ecoomerce/server/node_modules/ts-node/src/index.ts:1618:23)
    at Module._extensions..js (node:internal/modules/cjs/loader:1153:10)
    at Object.require.extensions.<computed> [as .ts] (/Users/mcan/me/next-ecoomerce/server/node_modules/ts-node/src/index.ts:1621:12)
    at Module.load (node:internal/modules/cjs/loader:981:32)
    at Function.Module._load (node:internal/modules/cjs/loader:822:12)
    at Function.executeUserEntryPoint [as runMain] (node:internal/modules/run_main:81:12)
2022-12-18 18:34:02 error: uncaughtException: validationMiddleware is not defined
ReferenceError: validationMiddleware is not defined
    at ProductsRoute.initializeRoutes (/Users/mcan/me/next-ecoomerce/server/src/routes/products.route.ts:16:30)
    at new ProductsRoute (/Users/mcan/me/next-ecoomerce/server/src/routes/products.route.ts:11:10)
    at Object.<anonymous> (/Users/mcan/me/next-ecoomerce/server/src/server.ts:10:75)
    at Module._compile (node:internal/modules/cjs/loader:1101:14)
    at Module.m._compile (/Users/mcan/me/next-ecoomerce/server/node_modules/ts-node/src/index.ts:1618:23)
    at Module._extensions..js (node:internal/modules/cjs/loader:1153:10)
    at Object.require.extensions.<computed> [as .ts] (/Users/mcan/me/next-ecoomerce/server/node_modules/ts-node/src/index.ts:1621:12)
    at Module.load (node:internal/modules/cjs/loader:981:32)
    at Function.Module._load (node:internal/modules/cjs/loader:822:12)
    at Function.executeUserEntryPoint [as runMain] (node:internal/modules/run_main:81:12)
2022-12-18 18:34:06 error: uncaughtException: validationMiddleware is not defined
ReferenceError: validationMiddleware is not defined
    at ProductsRoute.initializeRoutes (/Users/mcan/me/next-ecoomerce/server/src/routes/products.route.ts:17:30)
    at new ProductsRoute (/Users/mcan/me/next-ecoomerce/server/src/routes/products.route.ts:12:10)
    at Object.<anonymous> (/Users/mcan/me/next-ecoomerce/server/src/server.ts:10:75)
    at Module._compile (node:internal/modules/cjs/loader:1101:14)
    at Module.m._compile (/Users/mcan/me/next-ecoomerce/server/node_modules/ts-node/src/index.ts:1618:23)
    at Module._extensions..js (node:internal/modules/cjs/loader:1153:10)
    at Object.require.extensions.<computed> [as .ts] (/Users/mcan/me/next-ecoomerce/server/node_modules/ts-node/src/index.ts:1621:12)
    at Module.load (node:internal/modules/cjs/loader:981:32)
    at Function.Module._load (node:internal/modules/cjs/loader:822:12)
    at Function.executeUserEntryPoint [as runMain] (node:internal/modules/run_main:81:12)
2022-12-18 18:34:11 error: uncaughtException: validationMiddleware is not defined
ReferenceError: validationMiddleware is not defined
    at ProductsRoute.initializeRoutes (/Users/mcan/me/next-ecoomerce/server/src/routes/products.route.ts:17:30)
    at new ProductsRoute (/Users/mcan/me/next-ecoomerce/server/src/routes/products.route.ts:12:10)
    at Object.<anonymous> (/Users/mcan/me/next-ecoomerce/server/src/server.ts:10:75)
    at Module._compile (node:internal/modules/cjs/loader:1101:14)
    at Module.m._compile (/Users/mcan/me/next-ecoomerce/server/node_modules/ts-node/src/index.ts:1618:23)
    at Module._extensions..js (node:internal/modules/cjs/loader:1153:10)
    at Object.require.extensions.<computed> [as .ts] (/Users/mcan/me/next-ecoomerce/server/node_modules/ts-node/src/index.ts:1621:12)
    at Module.load (node:internal/modules/cjs/loader:981:32)
    at Function.Module._load (node:internal/modules/cjs/loader:822:12)
    at Function.executeUserEntryPoint [as runMain] (node:internal/modules/run_main:81:12)
2022-12-18 18:34:15 error: uncaughtException: validationMiddleware is not defined
ReferenceError: validationMiddleware is not defined
    at ProductsRoute.initializeRoutes (/Users/mcan/me/next-ecoomerce/server/src/routes/products.route.ts:17:30)
    at new ProductsRoute (/Users/mcan/me/next-ecoomerce/server/src/routes/products.route.ts:12:10)
    at Object.<anonymous> (/Users/mcan/me/next-ecoomerce/server/src/server.ts:10:75)
    at Module._compile (node:internal/modules/cjs/loader:1101:14)
    at Module.m._compile (/Users/mcan/me/next-ecoomerce/server/node_modules/ts-node/src/index.ts:1618:23)
    at Module._extensions..js (node:internal/modules/cjs/loader:1153:10)
    at Object.require.extensions.<computed> [as .ts] (/Users/mcan/me/next-ecoomerce/server/node_modules/ts-node/src/index.ts:1621:12)
    at Module.load (node:internal/modules/cjs/loader:981:32)
    at Function.Module._load (node:internal/modules/cjs/loader:822:12)
    at Function.executeUserEntryPoint [as runMain] (node:internal/modules/run_main:81:12)
2022-12-18 18:34:20 error: uncaughtException: validationMiddleware is not defined
ReferenceError: validationMiddleware is not defined
    at ProductsRoute.initializeRoutes (/Users/mcan/me/next-ecoomerce/server/src/routes/products.route.ts:16:30)
    at new ProductsRoute (/Users/mcan/me/next-ecoomerce/server/src/routes/products.route.ts:12:10)
    at Object.<anonymous> (/Users/mcan/me/next-ecoomerce/server/src/server.ts:10:75)
    at Module._compile (node:internal/modules/cjs/loader:1101:14)
    at Module.m._compile (/Users/mcan/me/next-ecoomerce/server/node_modules/ts-node/src/index.ts:1618:23)
    at Module._extensions..js (node:internal/modules/cjs/loader:1153:10)
    at Object.require.extensions.<computed> [as .ts] (/Users/mcan/me/next-ecoomerce/server/node_modules/ts-node/src/index.ts:1621:12)
    at Module.load (node:internal/modules/cjs/loader:981:32)
    at Function.Module._load (node:internal/modules/cjs/loader:822:12)
    at Function.executeUserEntryPoint [as runMain] (node:internal/modules/run_main:81:12)
2022-12-18 18:34:35 error: [POST] /products >> StatusCode:: 400, Message:: property email should not exist, property password should not exist, description must be a string, stock must be a number conforming to the specified constraints, category must be a string, brand must be a string
2022-12-18 18:34:44 error: [POST] /products >> StatusCode:: 400, Message:: name must be a string, description must be a string, stock must be a number conforming to the specified constraints, category must be a string, brand must be a string
